Info: Starting: Create block symbol file (.bsf)
Info: qsys-generate D:\Study\Grade3SS\ECE385\tank_world\lab7soc.qsys --block-symbol-file --output-directory=D:\Study\Grade3SS\ECE385\tank_world\lab7soc --family="MAX 10" --part=10M50DAF484C7G
Progress: Loading tank_world/lab7soc.qsys
Progress: Reading input file
Progress: Adding VGA_text_mode_controller_0 [VGA_text_mode_controller 1.0]
Progress: Parameterizing module VGA_text_mode_controller_0
Progress: Adding button [altera_avalon_pio 18.1]
Progress: Parameterizing module button
Progress: Adding clk_0 [clock_source 18.1]
Progress: Parameterizing module clk_0
Progress: Adding hex [altera_avalon_pio 18.1]
Progress: Parameterizing module hex
Progress: Adding i2c_0 [altera_avalon_i2c 18.1]
Progress: Parameterizing module i2c_0
Progress: Adding jtag_uart_0 [altera_avalon_jtag_uart 18.1]
Progress: Parameterizing module jtag_uart_0
Progress: Adding keycode [altera_avalon_pio 18.1]
Progress: Parameterizing module keycode
Progress: Adding led [altera_avalon_pio 18.1]
Progress: Parameterizing module led
Progress: Adding nios2_gen2_0 [altera_nios2_gen2 18.1]
Progress: Parameterizing module nios2_gen2_0
Progress: Adding onchip_memory2_0 [altera_avalon_onchip_memory2 18.1]
Progress: Parameterizing module onchip_memory2_0
Progress: Adding sdram [altera_avalon_new_sdram_controller 18.1]
Progress: Parameterizing module sdram
Progress: Adding sdram_pll [altpll 18.1]
Progress: Parameterizing module sdram_pll
Progress: Adding spi_0 [altera_avalon_spi 18.1]
Progress: Parameterizing module spi_0
Progress: Adding switch [altera_avalon_pio 18.1]
Progress: Parameterizing module switch
Progress: Adding sysid_qsys_0 [altera_avalon_sysid_qsys 18.1]
Progress: Parameterizing module sysid_qsys_0
Progress: Adding timer_0 [altera_avalon_timer 18.1]
Progress: Parameterizing module timer_0
Progress: Adding usb_gpx [altera_avalon_pio 18.1]
Progress: Parameterizing module usb_gpx
Progress: Adding usb_irq [altera_avalon_pio 18.1]
Progress: Parameterizing module usb_irq
Progress: Adding usb_rst [altera_avalon_pio 18.1]
Progress: Parameterizing module usb_rst
Progress: Building connections
Progress: Parameterizing connections
Progress: Validating
Progress: Done reading input file
Info: lab7soc.button: PIO inputs are not hardwired in test bench. Undefined values will be read from PIO inputs during simulation.
Info: lab7soc.jtag_uart_0: JTAG UART IP input clock need to be at least double (2x) the operating frequency of JTAG TCK on board
Info: lab7soc.sdram: SDRAM Controller will only be supported in Quartus Prime Standard Edition in the future release.
Info: lab7soc.switch: PIO inputs are not hardwired in test bench. Undefined values will be read from PIO inputs during simulation.
Info: lab7soc.sysid_qsys_0: System ID is not assigned automatically. Edit the System ID parameter to provide a unique ID
Info: lab7soc.sysid_qsys_0: Time stamp will be automatically updated when this component is generated.
Info: lab7soc.usb_gpx: PIO inputs are not hardwired in test bench. Undefined values will be read from PIO inputs during simulation.
Info: lab7soc.usb_irq: PIO inputs are not hardwired in test bench. Undefined values will be read from PIO inputs during simulation.
Info: qsys-generate succeeded.
Info: Finished: Create block symbol file (.bsf)
Info: 
Info: Starting: Create HDL design files for synthesis
Info: qsys-generate D:\Study\Grade3SS\ECE385\tank_world\lab7soc.qsys --synthesis=VERILOG --output-directory=D:\Study\Grade3SS\ECE385\tank_world\lab7soc\synthesis --family="MAX 10" --part=10M50DAF484C7G
Progress: Loading tank_world/lab7soc.qsys
Progress: Reading input file
Progress: Adding VGA_text_mode_controller_0 [VGA_text_mode_controller 1.0]
Progress: Parameterizing module VGA_text_mode_controller_0
Progress: Adding button [altera_avalon_pio 18.1]
Progress: Parameterizing module button
Progress: Adding clk_0 [clock_source 18.1]
Progress: Parameterizing module clk_0
Progress: Adding hex [altera_avalon_pio 18.1]
Progress: Parameterizing module hex
Progress: Adding i2c_0 [altera_avalon_i2c 18.1]
Progress: Parameterizing module i2c_0
Progress: Adding jtag_uart_0 [altera_avalon_jtag_uart 18.1]
Progress: Parameterizing module jtag_uart_0
Progress: Adding keycode [altera_avalon_pio 18.1]
Progress: Parameterizing module keycode
Progress: Adding led [altera_avalon_pio 18.1]
Progress: Parameterizing module led
Progress: Adding nios2_gen2_0 [altera_nios2_gen2 18.1]
Progress: Parameterizing module nios2_gen2_0
Progress: Adding onchip_memory2_0 [altera_avalon_onchip_memory2 18.1]
Progress: Parameterizing module onchip_memory2_0
Progress: Adding sdram [altera_avalon_new_sdram_controller 18.1]
Progress: Parameterizing module sdram
Progress: Adding sdram_pll [altpll 18.1]
Progress: Parameterizing module sdram_pll
Progress: Adding spi_0 [altera_avalon_spi 18.1]
Progress: Parameterizing module spi_0
Progress: Adding switch [altera_avalon_pio 18.1]
Progress: Parameterizing module switch
Progress: Adding sysid_qsys_0 [altera_avalon_sysid_qsys 18.1]
Progress: Parameterizing module sysid_qsys_0
Progress: Adding timer_0 [altera_avalon_timer 18.1]
Progress: Parameterizing module timer_0
Progress: Adding usb_gpx [altera_avalon_pio 18.1]
Progress: Parameterizing module usb_gpx
Progress: Adding usb_irq [altera_avalon_pio 18.1]
Progress: Parameterizing module usb_irq
Progress: Adding usb_rst [altera_avalon_pio 18.1]
Progress: Parameterizing module usb_rst
Progress: Building connections
Progress: Parameterizing connections
Progress: Validating
Progress: Done reading input file
Info: lab7soc.button: PIO inputs are not hardwired in test bench. Undefined values will be read from PIO inputs during simulation.
Info: lab7soc.jtag_uart_0: JTAG UART IP input clock need to be at least double (2x) the operating frequency of JTAG TCK on board
Info: lab7soc.sdram: SDRAM Controller will only be supported in Quartus Prime Standard Edition in the future release.
Info: lab7soc.switch: PIO inputs are not hardwired in test bench. Undefined values will be read from PIO inputs during simulation.
Info: lab7soc.sysid_qsys_0: System ID is not assigned automatically. Edit the System ID parameter to provide a unique ID
Info: lab7soc.sysid_qsys_0: Time stamp will be automatically updated when this component is generated.
Info: lab7soc.usb_gpx: PIO inputs are not hardwired in test bench. Undefined values will be read from PIO inputs during simulation.
Info: lab7soc.usb_irq: PIO inputs are not hardwired in test bench. Undefined values will be read from PIO inputs during simulation.
Info: lab7soc: Generating lab7soc "lab7soc" for QUARTUS_SYNTH
Info: Inserting clock-crossing logic between cmd_demux.src8 and cmd_mux_008.sink0
Info: Inserting clock-crossing logic between cmd_demux_001.src4 and cmd_mux_008.sink1
Info: Inserting clock-crossing logic between rsp_demux_008.src0 and rsp_mux.sink8
Info: Inserting clock-crossing logic between rsp_demux_008.src1 and rsp_mux_001.sink4
Info: VGA_text_mode_controller_0: "lab7soc" instantiated VGA_text_mode_controller "VGA_text_mode_controller_0"
Info: button: Starting RTL generation for module 'lab7soc_button'
Info: button:   Generation command is [exec D:/programfiles/quartus/quartus/bin64/perl/bin/perl.exe -I D:/programfiles/quartus/quartus/bin64/perl/lib -I D:/programfiles/quartus/quartus/sopc_builder/bin/europa -I D:/programfiles/quartus/quartus/sopc_builder/bin/perl_lib -I D:/programfiles/quartus/quartus/sopc_builder/bin -I D:/programfiles/quartus/quartus/../ip/altera/sopc_builder_ip/common -I D:/programfiles/quartus/quartus/../ip/altera/sopc_builder_ip/altera_avalon_pio -- D:/programfiles/quartus/quartus/../ip/altera/sopc_builder_ip/altera_avalon_pio/generate_rtl.pl --name=lab7soc_button --dir=C:/Users/Tree/AppData/Local/Temp/alt9479_2186980949946278820.dir/0090_button_gen/ --quartus_dir=D:/programfiles/quartus/quartus --verilog --config=C:/Users/Tree/AppData/Local/Temp/alt9479_2186980949946278820.dir/0090_button_gen//lab7soc_button_component_configuration.pl  --do_build_sim=0  ]
Info: button: Done RTL generation for module 'lab7soc_button'
Info: button: "lab7soc" instantiated altera_avalon_pio "button"
Info: hex: Starting RTL generation for module 'lab7soc_hex'
Info: hex:   Generation command is [exec D:/programfiles/quartus/quartus/bin64/perl/bin/perl.exe -I D:/programfiles/quartus/quartus/bin64/perl/lib -I D:/programfiles/quartus/quartus/sopc_builder/bin/europa -I D:/programfiles/quartus/quartus/sopc_builder/bin/perl_lib -I D:/programfiles/quartus/quartus/sopc_builder/bin -I D:/programfiles/quartus/quartus/../ip/altera/sopc_builder_ip/common -I D:/programfiles/quartus/quartus/../ip/altera/sopc_builder_ip/altera_avalon_pio -- D:/programfiles/quartus/quartus/../ip/altera/sopc_builder_ip/altera_avalon_pio/generate_rtl.pl --name=lab7soc_hex --dir=C:/Users/Tree/AppData/Local/Temp/alt9479_2186980949946278820.dir/0091_hex_gen/ --quartus_dir=D:/programfiles/quartus/quartus --verilog --config=C:/Users/Tree/AppData/Local/Temp/alt9479_2186980949946278820.dir/0091_hex_gen//lab7soc_hex_component_configuration.pl  --do_build_sim=0  ]
Info: hex: Done RTL generation for module 'lab7soc_hex'
Info: hex: "lab7soc" instantiated altera_avalon_pio "hex"
Info: i2c_0: "lab7soc" instantiated altera_avalon_i2c "i2c_0"
Info: jtag_uart_0: Starting RTL generation for module 'lab7soc_jtag_uart_0'
Info: jtag_uart_0:   Generation command is [exec D:/programfiles/quartus/quartus/bin64/perl/bin/perl.exe -I D:/programfiles/quartus/quartus/bin64/perl/lib -I D:/programfiles/quartus/quartus/sopc_builder/bin/europa -I D:/programfiles/quartus/quartus/sopc_builder/bin/perl_lib -I D:/programfiles/quartus/quartus/sopc_builder/bin -I D:/programfiles/quartus/quartus/../ip/altera/sopc_builder_ip/common -I D:/programfiles/quartus/quartus/../ip/altera/sopc_builder_ip/altera_avalon_jtag_uart -- D:/programfiles/quartus/quartus/../ip/altera/sopc_builder_ip/altera_avalon_jtag_uart/generate_rtl.pl --name=lab7soc_jtag_uart_0 --dir=C:/Users/Tree/AppData/Local/Temp/alt9479_2186980949946278820.dir/0093_jtag_uart_0_gen/ --quartus_dir=D:/programfiles/quartus/quartus --verilog --config=C:/Users/Tree/AppData/Local/Temp/alt9479_2186980949946278820.dir/0093_jtag_uart_0_gen//lab7soc_jtag_uart_0_component_configuration.pl  --do_build_sim=0  ]
Info: jtag_uart_0: Done RTL generation for module 'lab7soc_jtag_uart_0'
Info: jtag_uart_0: "lab7soc" instantiated altera_avalon_jtag_uart "jtag_uart_0"
Info: keycode: Starting RTL generation for module 'lab7soc_keycode'
Info: keycode:   Generation command is [exec D:/programfiles/quartus/quartus/bin64/perl/bin/perl.exe -I D:/programfiles/quartus/quartus/bin64/perl/lib -I D:/programfiles/quartus/quartus/sopc_builder/bin/europa -I D:/programfiles/quartus/quartus/sopc_builder/bin/perl_lib -I D:/programfiles/quartus/quartus/sopc_builder/bin -I D:/programfiles/quartus/quartus/../ip/altera/sopc_builder_ip/common -I D:/programfiles/quartus/quartus/../ip/altera/sopc_builder_ip/altera_avalon_pio -- D:/programfiles/quartus/quartus/../ip/altera/sopc_builder_ip/altera_avalon_pio/generate_rtl.pl --name=lab7soc_keycode --dir=C:/Users/Tree/AppData/Local/Temp/alt9479_2186980949946278820.dir/0094_keycode_gen/ --quartus_dir=D:/programfiles/quartus/quartus --verilog --config=C:/Users/Tree/AppData/Local/Temp/alt9479_2186980949946278820.dir/0094_keycode_gen//lab7soc_keycode_component_configuration.pl  --do_build_sim=0  ]
Info: keycode: Done RTL generation for module 'lab7soc_keycode'
Info: keycode: "lab7soc" instantiated altera_avalon_pio "keycode"
Info: led: Starting RTL generation for module 'lab7soc_led'
Info: led:   Generation command is [exec D:/programfiles/quartus/quartus/bin64/perl/bin/perl.exe -I D:/programfiles/quartus/quartus/bin64/perl/lib -I D:/programfiles/quartus/quartus/sopc_builder/bin/europa -I D:/programfiles/quartus/quartus/sopc_builder/bin/perl_lib -I D:/programfiles/quartus/quartus/sopc_builder/bin -I D:/programfiles/quartus/quartus/../ip/altera/sopc_builder_ip/common -I D:/programfiles/quartus/quartus/../ip/altera/sopc_builder_ip/altera_avalon_pio -- D:/programfiles/quartus/quartus/../ip/altera/sopc_builder_ip/altera_avalon_pio/generate_rtl.pl --name=lab7soc_led --dir=C:/Users/Tree/AppData/Local/Temp/alt9479_2186980949946278820.dir/0095_led_gen/ --quartus_dir=D:/programfiles/quartus/quartus --verilog --config=C:/Users/Tree/AppData/Local/Temp/alt9479_2186980949946278820.dir/0095_led_gen//lab7soc_led_component_configuration.pl  --do_build_sim=0  ]
Info: led: Done RTL generation for module 'lab7soc_led'
Info: led: "lab7soc" instantiated altera_avalon_pio "led"
Info: nios2_gen2_0: "lab7soc" instantiated altera_nios2_gen2 "nios2_gen2_0"
Info: onchip_memory2_0: Starting RTL generation for module 'lab7soc_onchip_memory2_0'
Info: onchip_memory2_0:   Generation command is [exec D:/programfiles/quartus/quartus/bin64/perl/bin/perl.exe -I D:/programfiles/quartus/quartus/bin64/perl/lib -I D:/programfiles/quartus/quartus/sopc_builder/bin/europa -I D:/programfiles/quartus/quartus/sopc_builder/bin/perl_lib -I D:/programfiles/quartus/quartus/sopc_builder/bin -I D:/programfiles/quartus/quartus/../ip/altera/sopc_builder_ip/common -I D:/programfiles/quartus/quartus/../ip/altera/sopc_builder_ip/altera_avalon_onchip_memory2 -- D:/programfiles/quartus/quartus/../ip/altera/sopc_builder_ip/altera_avalon_onchip_memory2/generate_rtl.pl --name=lab7soc_onchip_memory2_0 --dir=C:/Users/Tree/AppData/Local/Temp/alt9479_2186980949946278820.dir/0096_onchip_memory2_0_gen/ --quartus_dir=D:/programfiles/quartus/quartus --verilog --config=C:/Users/Tree/AppData/Local/Temp/alt9479_2186980949946278820.dir/0096_onchip_memory2_0_gen//lab7soc_onchip_memory2_0_component_configuration.pl  --do_build_sim=0  ]
Info: onchip_memory2_0: Done RTL generation for module 'lab7soc_onchip_memory2_0'
Info: onchip_memory2_0: "lab7soc" instantiated altera_avalon_onchip_memory2 "onchip_memory2_0"
Info: sdram: Starting RTL generation for module 'lab7soc_sdram'
Info: sdram:   Generation command is [exec D:/programfiles/quartus/quartus/bin64/perl/bin/perl.exe -I D:/programfiles/quartus/quartus/bin64/perl/lib -I D:/programfiles/quartus/quartus/sopc_builder/bin/europa -I D:/programfiles/quartus/quartus/sopc_builder/bin/perl_lib -I D:/programfiles/quartus/quartus/sopc_builder/bin -I D:/programfiles/quartus/quartus/../ip/altera/sopc_builder_ip/common -I D:/programfiles/quartus/quartus/../ip/altera/sopc_builder_ip/altera_avalon_new_sdram_controller -- D:/programfiles/quartus/quartus/../ip/altera/sopc_builder_ip/altera_avalon_new_sdram_controller/generate_rtl.pl --name=lab7soc_sdram --dir=C:/Users/Tree/AppData/Local/Temp/alt9479_2186980949946278820.dir/0097_sdram_gen/ --quartus_dir=D:/programfiles/quartus/quartus --verilog --config=C:/Users/Tree/AppData/Local/Temp/alt9479_2186980949946278820.dir/0097_sdram_gen//lab7soc_sdram_component_configuration.pl  --do_build_sim=0  ]
Info: sdram: Done RTL generation for module 'lab7soc_sdram'
Info: sdram: "lab7soc" instantiated altera_avalon_new_sdram_controller "sdram"
Info: sdram_pll: "lab7soc" instantiated altpll "sdram_pll"
Info: spi_0: Starting RTL generation for module 'lab7soc_spi_0'
Info: spi_0:   Generation command is [exec D:/programfiles/quartus/quartus/bin64/perl/bin/perl.exe -I D:/programfiles/quartus/quartus/bin64/perl/lib -I D:/programfiles/quartus/quartus/sopc_builder/bin/europa -I D:/programfiles/quartus/quartus/sopc_builder/bin/perl_lib -I D:/programfiles/quartus/quartus/sopc_builder/bin -I D:/programfiles/quartus/quartus/../ip/altera/sopc_builder_ip/common -I D:/programfiles/quartus/quartus/../ip/altera/sopc_builder_ip/altera_avalon_spi -- D:/programfiles/quartus/quartus/../ip/altera/sopc_builder_ip/altera_avalon_spi/generate_rtl.pl --name=lab7soc_spi_0 --dir=C:/Users/Tree/AppData/Local/Temp/alt9479_2186980949946278820.dir/0100_spi_0_gen/ --quartus_dir=D:/programfiles/quartus/quartus --verilog --config=C:/Users/Tree/AppData/Local/Temp/alt9479_2186980949946278820.dir/0100_spi_0_gen//lab7soc_spi_0_component_configuration.pl  --do_build_sim=0  ]
Info: spi_0: Done RTL generation for module 'lab7soc_spi_0'
Info: spi_0: "lab7soc" instantiated altera_avalon_spi "spi_0"
Info: switch: Starting RTL generation for module 'lab7soc_switch'
Info: switch:   Generation command is [exec D:/programfiles/quartus/quartus/bin64/perl/bin/perl.exe -I D:/programfiles/quartus/quartus/bin64/perl/lib -I D:/programfiles/quartus/quartus/sopc_builder/bin/europa -I D:/programfiles/quartus/quartus/sopc_builder/bin/perl_lib -I D:/programfiles/quartus/quartus/sopc_builder/bin -I D:/programfiles/quartus/quartus/../ip/altera/sopc_builder_ip/common -I D:/programfiles/quartus/quartus/../ip/altera/sopc_builder_ip/altera_avalon_pio -- D:/programfiles/quartus/quartus/../ip/altera/sopc_builder_ip/altera_avalon_pio/generate_rtl.pl --name=lab7soc_switch --dir=C:/Users/Tree/AppData/Local/Temp/alt9479_2186980949946278820.dir/0101_switch_gen/ --quartus_dir=D:/programfiles/quartus/quartus --verilog --config=C:/Users/Tree/AppData/Local/Temp/alt9479_2186980949946278820.dir/0101_switch_gen//lab7soc_switch_component_configuration.pl  --do_build_sim=0  ]
Info: switch: Done RTL generation for module 'lab7soc_switch'
Info: switch: "lab7soc" instantiated altera_avalon_pio "switch"
Info: sysid_qsys_0: "lab7soc" instantiated altera_avalon_sysid_qsys "sysid_qsys_0"
Info: timer_0: Starting RTL generation for module 'lab7soc_timer_0'
Info: timer_0:   Generation command is [exec D:/ProgramFiles/Quartus/quartus/bin64//perl/bin/perl.exe -I D:/ProgramFiles/Quartus/quartus/bin64//perl/lib -I D:/programfiles/quartus/quartus/sopc_builder/bin/europa -I D:/programfiles/quartus/quartus/sopc_builder/bin/perl_lib -I D:/programfiles/quartus/quartus/sopc_builder/bin -I D:/programfiles/quartus/quartus/../ip/altera/sopc_builder_ip/common -I D:/programfiles/quartus/quartus/../ip/altera/sopc_builder_ip/altera_avalon_timer -- D:/programfiles/quartus/quartus/../ip/altera/sopc_builder_ip/altera_avalon_timer/generate_rtl.pl --name=lab7soc_timer_0 --dir=C:/Users/Tree/AppData/Local/Temp/alt9479_2186980949946278820.dir/0103_timer_0_gen/ --quartus_dir=D:/programfiles/quartus/quartus --verilog --config=C:/Users/Tree/AppData/Local/Temp/alt9479_2186980949946278820.dir/0103_timer_0_gen//lab7soc_timer_0_component_configuration.pl  --do_build_sim=0  ]
Info: timer_0: Done RTL generation for module 'lab7soc_timer_0'
Info: timer_0: "lab7soc" instantiated altera_avalon_timer "timer_0"
Info: usb_gpx: Starting RTL generation for module 'lab7soc_usb_gpx'
Info: usb_gpx:   Generation command is [exec D:/programfiles/quartus/quartus/bin64/perl/bin/perl.exe -I D:/programfiles/quartus/quartus/bin64/perl/lib -I D:/programfiles/quartus/quartus/sopc_builder/bin/europa -I D:/programfiles/quartus/quartus/sopc_builder/bin/perl_lib -I D:/programfiles/quartus/quartus/sopc_builder/bin -I D:/programfiles/quartus/quartus/../ip/altera/sopc_builder_ip/common -I D:/programfiles/quartus/quartus/../ip/altera/sopc_builder_ip/altera_avalon_pio -- D:/programfiles/quartus/quartus/../ip/altera/sopc_builder_ip/altera_avalon_pio/generate_rtl.pl --name=lab7soc_usb_gpx --dir=C:/Users/Tree/AppData/Local/Temp/alt9479_2186980949946278820.dir/0104_usb_gpx_gen/ --quartus_dir=D:/programfiles/quartus/quartus --verilog --config=C:/Users/Tree/AppData/Local/Temp/alt9479_2186980949946278820.dir/0104_usb_gpx_gen//lab7soc_usb_gpx_component_configuration.pl  --do_build_sim=0  ]
Info: usb_gpx: Done RTL generation for module 'lab7soc_usb_gpx'
Info: usb_gpx: "lab7soc" instantiated altera_avalon_pio "usb_gpx"
Info: usb_rst: Starting RTL generation for module 'lab7soc_usb_rst'
Info: usb_rst:   Generation command is [exec D:/programfiles/quartus/quartus/bin64/perl/bin/perl.exe -I D:/programfiles/quartus/quartus/bin64/perl/lib -I D:/programfiles/quartus/quartus/sopc_builder/bin/europa -I D:/programfiles/quartus/quartus/sopc_builder/bin/perl_lib -I D:/programfiles/quartus/quartus/sopc_builder/bin -I D:/programfiles/quartus/quartus/../ip/altera/sopc_builder_ip/common -I D:/programfiles/quartus/quartus/../ip/altera/sopc_builder_ip/altera_avalon_pio -- D:/programfiles/quartus/quartus/../ip/altera/sopc_builder_ip/altera_avalon_pio/generate_rtl.pl --name=lab7soc_usb_rst --dir=C:/Users/Tree/AppData/Local/Temp/alt9479_2186980949946278820.dir/0105_usb_rst_gen/ --quartus_dir=D:/programfiles/quartus/quartus --verilog --config=C:/Users/Tree/AppData/Local/Temp/alt9479_2186980949946278820.dir/0105_usb_rst_gen//lab7soc_usb_rst_component_configuration.pl  --do_build_sim=0  ]
Info: usb_rst: Done RTL generation for module 'lab7soc_usb_rst'
Info: usb_rst: "lab7soc" instantiated altera_avalon_pio "usb_rst"
Info: avalon_st_adapter: Inserting error_adapter: error_adapter_0
Info: avalon_st_adapter_001: Inserting error_adapter: error_adapter_0
Info: avalon_st_adapter_002: Inserting error_adapter: error_adapter_0
Info: avalon_st_adapter_003: Inserting error_adapter: error_adapter_0
Info: avalon_st_adapter_004: Inserting error_adapter: error_adapter_0
Info: avalon_st_adapter_005: Inserting error_adapter: error_adapter_0
Info: avalon_st_adapter_006: Inserting error_adapter: error_adapter_0
Info: avalon_st_adapter_007: Inserting error_adapter: error_adapter_0
Info: avalon_st_adapter_008: Inserting error_adapter: error_adapter_0
Info: avalon_st_adapter_009: Inserting error_adapter: error_adapter_0
Info: avalon_st_adapter_010: Inserting error_adapter: error_adapter_0
Info: avalon_st_adapter_011: Inserting error_adapter: error_adapter_0
Info: avalon_st_adapter_012: Inserting error_adapter: error_adapter_0
Info: avalon_st_adapter_013: Inserting error_adapter: error_adapter_0
Info: avalon_st_adapter_014: Inserting error_adapter: error_adapter_0
Info: avalon_st_adapter_015: Inserting error_adapter: error_adapter_0
Info: avalon_st_adapter_016: Inserting error_adapter: error_adapter_0
Info: avalon_st_adapter_017: Inserting error_adapter: error_adapter_0
Info: mm_interconnect_0: "lab7soc" instantiated altera_mm_interconnect "mm_interconnect_0"
Info: irq_mapper: "lab7soc" instantiated altera_irq_mapper "irq_mapper"
Info: rst_controller: "lab7soc" instantiated altera_reset_controller "rst_controller"
Info: cpu: Starting RTL generation for module 'lab7soc_nios2_gen2_0_cpu'
Info: cpu:   Generation command is [exec D:/ProgramFiles/Quartus/quartus/bin64//eperlcmd.exe -I D:/ProgramFiles/Quartus/quartus/bin64//perl/lib -I D:/programfiles/quartus/quartus/sopc_builder/bin/europa -I D:/programfiles/quartus/quartus/sopc_builder/bin/perl_lib -I D:/programfiles/quartus/quartus/sopc_builder/bin -I D:/programfiles/quartus/quartus/../ip/altera/nios2_ip/altera_nios2_gen2/cpu_lib -I D:/programfiles/quartus/quartus/../ip/altera/nios2_ip/altera_nios2_gen2/nios_lib -I D:/programfiles/quartus/quartus/../ip/altera/nios2_ip/altera_nios2_gen2 -I D:/programfiles/quartus/quartus/../ip/altera/nios2_ip/altera_nios2_gen2 -- D:/programfiles/quartus/quartus/../ip/altera/nios2_ip/altera_nios2_gen2/generate_rtl.epl --name=lab7soc_nios2_gen2_0_cpu --dir=C:/Users/Tree/AppData/Local/Temp/alt9479_2186980949946278820.dir/0108_cpu_gen/ --quartus_bindir=D:/ProgramFiles/Quartus/quartus/bin64/ --verilog --config=C:/Users/Tree/AppData/Local/Temp/alt9479_2186980949946278820.dir/0108_cpu_gen//lab7soc_nios2_gen2_0_cpu_processor_configuration.pl  --do_build_sim=0  ]
Info: cpu: # 2023.05.02 10:25:11 (*) Starting Nios II generation
Info: cpu: # 2023.05.02 10:25:11 (*)   Checking for plaintext license.
Info: cpu: # 2023.05.02 10:25:12 (*)   Couldn't query license setup in Quartus directory D:/ProgramFiles/Quartus/quartus/bin64/
Info: cpu: # 2023.05.02 10:25:12 (*)   Defaulting to contents of LM_LICENSE_FILE environment variable
Info: cpu: # 2023.05.02 10:25:12 (*)   LM_LICENSE_FILE environment variable is empty
Info: cpu: # 2023.05.02 10:25:12 (*)   Plaintext license not found.
Info: cpu: # 2023.05.02 10:25:12 (*)   No license required to generate encrypted Nios II/e.
Info: cpu: # 2023.05.02 10:25:12 (*)   Elaborating CPU configuration settings
Info: cpu: # 2023.05.02 10:25:12 (*)   Creating all objects for CPU
Info: cpu: # 2023.05.02 10:25:13 (*)   Generating RTL from CPU objects
Info: cpu: # 2023.05.02 10:25:13 (*)   Creating plain-text RTL
Info: cpu: # 2023.05.02 10:25:14 (*) Done Nios II generation
Info: cpu: Done RTL generation for module 'lab7soc_nios2_gen2_0_cpu'
Info: cpu: "nios2_gen2_0" instantiated altera_nios2_gen2_unit "cpu"
Info: nios2_gen2_0_data_master_translator: "mm_interconnect_0" instantiated altera_merlin_master_translator "nios2_gen2_0_data_master_translator"
Info: jtag_uart_0_avalon_jtag_slave_translator: "mm_interconnect_0" instantiated altera_merlin_slave_translator "jtag_uart_0_avalon_jtag_slave_translator"
Info: nios2_gen2_0_data_master_agent: "mm_interconnect_0" instantiated altera_merlin_master_agent "nios2_gen2_0_data_master_agent"
Info: jtag_uart_0_avalon_jtag_slave_agent: "mm_interconnect_0" instantiated altera_merlin_slave_agent "jtag_uart_0_avalon_jtag_slave_agent"
Info: jtag_uart_0_avalon_jtag_slave_agent_rsp_fifo: "mm_interconnect_0" instantiated altera_avalon_sc_fifo "jtag_uart_0_avalon_jtag_slave_agent_rsp_fifo"
Info: router: "mm_interconnect_0" instantiated altera_merlin_router "router"
Info: router_001: "mm_interconnect_0" instantiated altera_merlin_router "router_001"
Info: router_002: "mm_interconnect_0" instantiated altera_merlin_router "router_002"
Info: router_004: "mm_interconnect_0" instantiated altera_merlin_router "router_004"
Info: router_010: "mm_interconnect_0" instantiated altera_merlin_router "router_010"
Info: sdram_s1_burst_adapter: "mm_interconnect_0" instantiated altera_merlin_burst_adapter "sdram_s1_burst_adapter"
Info: cmd_demux: "mm_interconnect_0" instantiated altera_merlin_demultiplexer "cmd_demux"
Info: cmd_demux_001: "mm_interconnect_0" instantiated altera_merlin_demultiplexer "cmd_demux_001"
Info: cmd_mux: "mm_interconnect_0" instantiated altera_merlin_multiplexer "cmd_mux"
Info: cmd_mux_002: "mm_interconnect_0" instantiated altera_merlin_multiplexer "cmd_mux_002"
Info: Reusing file D:/Study/Grade3SS/ECE385/tank_world/lab7soc/synthesis/submodules/altera_merlin_arbitrator.sv
Info: rsp_demux: "mm_interconnect_0" instantiated altera_merlin_demultiplexer "rsp_demux"
Info: rsp_demux_002: "mm_interconnect_0" instantiated altera_merlin_demultiplexer "rsp_demux_002"
Info: rsp_mux: "mm_interconnect_0" instantiated altera_merlin_multiplexer "rsp_mux"
Info: Reusing file D:/Study/Grade3SS/ECE385/tank_world/lab7soc/synthesis/submodules/altera_merlin_arbitrator.sv
Info: rsp_mux_001: "mm_interconnect_0" instantiated altera_merlin_multiplexer "rsp_mux_001"
Info: Reusing file D:/Study/Grade3SS/ECE385/tank_world/lab7soc/synthesis/submodules/altera_merlin_arbitrator.sv
Info: sdram_s1_rsp_width_adapter: "mm_interconnect_0" instantiated altera_merlin_width_adapter "sdram_s1_rsp_width_adapter"
Info: Reusing file D:/Study/Grade3SS/ECE385/tank_world/lab7soc/synthesis/submodules/altera_merlin_address_alignment.sv
Info: Reusing file D:/Study/Grade3SS/ECE385/tank_world/lab7soc/synthesis/submodules/altera_merlin_burst_uncompressor.sv
Info: crosser: "mm_interconnect_0" instantiated altera_avalon_st_handshake_clock_crosser "crosser"
Info: Reusing file D:/Study/Grade3SS/ECE385/tank_world/lab7soc/synthesis/submodules/altera_avalon_st_pipeline_base.v
Info: avalon_st_adapter: "mm_interconnect_0" instantiated altera_avalon_st_adapter "avalon_st_adapter"
Info: avalon_st_adapter_008: "mm_interconnect_0" instantiated altera_avalon_st_adapter "avalon_st_adapter_008"
Info: error_adapter_0: "avalon_st_adapter" instantiated error_adapter "error_adapter_0"
Info: error_adapter_0: "avalon_st_adapter_008" instantiated error_adapter "error_adapter_0"
Info: lab7soc: Done "lab7soc" with 47 modules, 167 files
Info: qsys-generate succeeded.
Info: Finished: Create HDL design files for synthesis
